Detecting C [-std=c11] compiler features failed to compile with the following output:
Change Dir: /Users/arthurmeng/Documents/code/c:c++/SelectionSort/cmake-build-debug/CMakeFiles/CMakeTmp

Run Build Command:"/usr/bin/make" "cmTC_ced22/fast"
/Applications/Xcode.app/Contents/Developer/usr/bin/make -f CMakeFiles/cmTC_ced22.dir/build.make CMakeFiles/cmTC_ced22.dir/build
CMakeFiles/cmTC_ced22.dir/build.make:64: *** target pattern contains no `%'.  Stop.
make: *** [cmTC_ced22/fast] Error 2



Detecting CXX [-std=c++1z] compiler features failed to compile with the following output:
Change Dir: /Users/arthurmeng/Documents/code/c:c++/SelectionSort/cmake-build-debug/CMakeFiles/CMakeTmp

Run Build Command:"/usr/bin/make" "cmTC_f8201/fast"
/Applications/Xcode.app/Contents/Developer/usr/bin/make -f CMakeFiles/cmTC_f8201.dir/build.make CMakeFiles/cmTC_f8201.dir/build
CMakeFiles/cmTC_f8201.dir/build.make:64: *** target pattern contains no `%'.  Stop.
make: *** [cmTC_f8201/fast] Error 2



